<?xml version="1.0" encoding="UTF-8"?>
<!-- Generated by org.testng.reporters.JUnitReportReporter -->
<testsuite name="jenkins.test.VerifyTest1" tests="3" time="0.078" ignored="0" failures="0" timestamp="10 Apr 2018 13:03:59 GMT" skipped="0" hostname="akshayj-win12" errors="0">
  <testcase name="Addition" time="0.031" classname="jenkins.test.VerifyTest1"/>
  <testcase name="Multiplication" time="0.016" classname="jenkins.test.VerifyTest1"/>
  <testcase name="Division" time="0.031" classname="jenkins.test.VerifyTest1"/>
</testsuite> <!-- jenkins.test.VerifyTest1 -->
